I tensorflow/stream_executor/dso_loader.cc:135] successfully opened CUDA library libcublas.so.8.0 locally
I tensorflow/stream_executor/dso_loader.cc:135] successfully opened CUDA library libcudnn.so.5 locally
I tensorflow/stream_executor/dso_loader.cc:135] successfully opened CUDA library libcufft.so.8.0 locally
I tensorflow/stream_executor/dso_loader.cc:135] successfully opened CUDA library libcuda.so.1 locally
I tensorflow/stream_executor/dso_loader.cc:135] successfully opened CUDA library libcurand.so.8.0 locally
W tensorflow/core/platform/cpu_feature_guard.cc:45] The TensorFlow library wasn't compiled to use SSE3 instructions, but these are available on your machine and could speed up CPU computations.
W tensorflow/core/platform/cpu_feature_guard.cc:45] The TensorFlow library wasn't compiled to use SSE4.1 instructions, but these are available on your machine and could speed up CPU computations.
W tensorflow/core/platform/cpu_feature_guard.cc:45] The TensorFlow library wasn't compiled to use SSE4.2 instructions, but these are available on your machine and could speed up CPU computations.
W tensorflow/core/platform/cpu_feature_guard.cc:45] The TensorFlow library wasn't compiled to use AVX instructions, but these are available on your machine and could speed up CPU computations.
W tensorflow/core/platform/cpu_feature_guard.cc:45] The TensorFlow library wasn't compiled to use AVX2 instructions, but these are available on your machine and could speed up CPU computations.
W tensorflow/core/platform/cpu_feature_guard.cc:45] The TensorFlow library wasn't compiled to use FMA instructions, but these are available on your machine and could speed up CPU computations.
I tensorflow/core/common_runtime/gpu/gpu_device.cc:885] Found device 0 with properties: 
name: Quadro GP100
major: 6 minor: 0 memoryClockRate (GHz) 1.4425
pciBusID 0000:81:00.0
Total memory: 15.89GiB
Free memory: 15.60GiB
I tensorflow/core/common_runtime/gpu/gpu_device.cc:906] DMA: 0 
I tensorflow/core/common_runtime/gpu/gpu_device.cc:916] 0:   Y 
I tensorflow/core/common_runtime/gpu/gpu_device.cc:975] Creating TensorFlow device (/gpu:0) -> (device: 0, name: Quadro GP100, pci bus id: 0000:81:00.0)
I tensorflow/core/common_runtime/gpu/gpu_device.cc:975] Creating TensorFlow device (/gpu:0) -> (device: 0, name: Quadro GP100, pci bus id: 0000:81:00.0)
I tensorflow/core/common_runtime/gpu/pool_allocator.cc:247] PoolAllocator: After 10648 get requests, put_count=7150 evicted_count=1000 eviction_rate=0.13986 and unsatisfied allocation rate=0.431818
I tensorflow/core/common_runtime/gpu/pool_allocator.cc:259] Raising pool_size_limit_ from 100 to 110
I tensorflow/core/common_runtime/gpu/pool_allocator.cc:247] PoolAllocator: After 303 get requests, put_count=1317 evicted_count=1000 eviction_rate=0.759301 and unsatisfied allocation rate=0.00660066
I tensorflow/core/common_runtime/gpu/pool_allocator.cc:259] Raising pool_size_limit_ from 176 to 193
I tensorflow/core/common_runtime/gpu/pool_allocator.cc:247] PoolAllocator: After 1013 get requests, put_count=3038 evicted_count=2000 eviction_rate=0.658328 and unsatisfied allocation rate=0
I tensorflow/core/common_runtime/gpu/pool_allocator.cc:247] PoolAllocator: After 13189 get requests, put_count=13202 evicted_count=4000 eviction_rate=0.302984 and unsatisfied allocation rate=0.304799
I tensorflow/core/common_runtime/gpu/pool_allocator.cc:259] Raising pool_size_limit_ from 372 to 409
I tensorflow/core/common_runtime/gpu/pool_allocator.cc:247] PoolAllocator: After 969 get requests, put_count=3017 evicted_count=2000 eviction_rate=0.66291 and unsatisfied allocation rate=0.00103199
I tensorflow/core/common_runtime/gpu/pool_allocator.cc:247] PoolAllocator: After 736 get requests, put_count=1808 evicted_count=1000 eviction_rate=0.553097 and unsatisfied allocation rate=0
I tensorflow/core/common_runtime/gpu/pool_allocator.cc:247] PoolAllocator: After 740 get requests, put_count=1845 evicted_count=1000 eviction_rate=0.542005 and unsatisfied allocation rate=0
I tensorflow/core/common_runtime/gpu/pool_allocator.cc:247] PoolAllocator: After 978 get requests, put_count=3118 evicted_count=2000 eviction_rate=0.641437 and unsatisfied allocation rate=0
I tensorflow/core/common_runtime/gpu/pool_allocator.cc:247] PoolAllocator: After 13173 get requests, put_count=13274 evicted_count=2000 eviction_rate=0.15067 and unsatisfied allocation rate=0.159645
I tensorflow/core/common_runtime/gpu/pool_allocator.cc:259] Raising pool_size_limit_ from 2253 to 2478
I tensorflow/core/common_runtime/gpu/pool_allocator.cc:247] PoolAllocator: After 32279513 get requests, put_count=32279554 evicted_count=1000 eviction_rate=3.09794e-05 and unsatisfied allocation rate=4.32782e-05
I tensorflow/core/common_runtime/gpu/pool_allocator.cc:247] PoolAllocator: After 90252840 get requests, put_count=90252880 evicted_count=11000 eviction_rate=0.00012188 and unsatisfied allocation rate=0.00012629
I tensorflow/core/common_runtime/gpu/pool_allocator.cc:247] PoolAllocator: After 140921444 get requests, put_count=140921302 evicted_count=21000 eviction_rate=0.000149019 and unsatisfied allocation rate=0.000153135
I tensorflow/core/common_runtime/gpu/pool_allocator.cc:247] PoolAllocator: After 147946922 get requests, put_count=147946962 evicted_count=31000 eviction_rate=0.000209535 and unsatisfied allocation rate=0.000212225
I tensorflow/core/common_runtime/gpu/pool_allocator.cc:247] PoolAllocator: After 155220913 get requests, put_count=155220954 evicted_count=41000 eviction_rate=0.00026414 and unsatisfied allocation rate=0.000266697
I tensorflow/core/common_runtime/gpu/pool_allocator.cc:247] PoolAllocator: After 162378566 get requests, put_count=162378594 evicted_count=51000 eviction_rate=0.000314081 and unsatisfied allocation rate=0.000316606
I tensorflow/core/common_runtime/gpu/pool_allocator.cc:247] PoolAllocator: After 169471337 get requests, put_count=169471365 evicted_count=61000 eviction_rate=0.000359943 and unsatisfied allocation rate=0.000362362
I tensorflow/core/common_runtime/gpu/pool_allocator.cc:247] PoolAllocator: After 176619514 get requests, put_count=176619549 evicted_count=71000 eviction_rate=0.000401994 and unsatisfied allocation rate=0.000404276
I tensorflow/core/common_runtime/gpu/pool_allocator.cc:247] PoolAllocator: After 183826275 get requests, put_count=183826314 evicted_count=81000 eviction_rate=0.000440633 and unsatisfied allocation rate=0.000442804
I tensorflow/core/common_runtime/gpu/pool_allocator.cc:247] PoolAllocator: After 190980973 get requests, put_count=190981011 evicted_count=91000 eviction_rate=0.000476487 and unsatisfied allocation rate=0.000478582
I tensorflow/core/common_runtime/gpu/pool_allocator.cc:247] PoolAllocator: After 198130842 get requests, put_count=198130867 evicted_count=101000 eviction_rate=0.000509764 and unsatisfied allocation rate=0.000511849
I tensorflow/core/common_runtime/gpu/pool_allocator.cc:247] PoolAllocator: After 205271410 get requests, put_count=205271442 evicted_count=111000 eviction_rate=0.000540747 and unsatisfied allocation rate=0.000542725
I tensorflow/core/common_runtime/gpu/pool_allocator.cc:247] PoolAllocator: After 212421504 get requests, put_count=212421540 evicted_count=121000 eviction_rate=0.000569622 and unsatisfied allocation rate=0.000571515
I tensorflow/core/common_runtime/gpu/pool_allocator.cc:247] PoolAllocator: After 219669954 get requests, put_count=219669990 evicted_count=131000 eviction_rate=0.000596349 and unsatisfied allocation rate=0.000598179
I tensorflow/core/common_runtime/gpu/pool_allocator.cc:247] PoolAllocator: After 226780343 get requests, put_count=226780372 evicted_count=141000 eviction_rate=0.000621747 and unsatisfied allocation rate=0.000623551
I tensorflow/core/common_runtime/gpu/pool_allocator.cc:247] PoolAllocator: After 233990552 get requests, put_count=233990589 evicted_count=151000 eviction_rate=0.000645325 and unsatisfied allocation rate=0.000647039
I tensorflow/core/common_runtime/gpu/pool_allocator.cc:247] PoolAllocator: After 241067076 get requests, put_count=241067115 evicted_count=161000 eviction_rate=0.000667864 and unsatisfied allocation rate=0.000669519
I tensorflow/core/common_runtime/gpu/pool_allocator.cc:247] PoolAllocator: After 248169446 get requests, put_count=248169486 evicted_count=171000 eviction_rate=0.000689045 and unsatisfied allocation rate=0.000690649
I tensorflow/core/common_runtime/gpu/pool_allocator.cc:247] PoolAllocator: After 255318008 get requests, put_count=255318037 evicted_count=181000 eviction_rate=0.00070892 and unsatisfied allocation rate=0.000710522
I tensorflow/core/common_runtime/gpu/pool_allocator.cc:247] PoolAllocator: After 262495255 get requests, put_count=262495287 evicted_count=191000 eviction_rate=0.000727632 and unsatisfied allocation rate=0.000729179
I tensorflow/core/common_runtime/gpu/pool_allocator.cc:247] PoolAllocator: After 269685465 get requests, put_count=269685497 evicted_count=201000 eviction_rate=0.000745313 and unsatisfied allocation rate=0.000746818
I tensorflow/core/common_runtime/gpu/pool_allocator.cc:247] PoolAllocator: After 276767671 get requests, put_count=276767705 evicted_count=211000 eviction_rate=0.000762372 and unsatisfied allocation rate=0.000763832
I tensorflow/core/common_runtime/gpu/pool_allocator.cc:247] PoolAllocator: After 283889659 get requests, put_count=283889694 evicted_count=221000 eviction_rate=0.000778471 and unsatisfied allocation rate=0.000779891
I tensorflow/core/common_runtime/gpu/pool_allocator.cc:247] PoolAllocator: After 290045127 get requests, put_count=290045163 evicted_count=231000 eviction_rate=0.000796428 and unsatisfied allocation rate=0.000797814
I tensorflow/core/common_runtime/gpu/pool_allocator.cc:247] PoolAllocator: After 295854295 get requests, put_count=295854318 evicted_count=241000 eviction_rate=0.00081459 and unsatisfied allocation rate=0.000815993
I tensorflow/core/common_runtime/gpu/pool_allocator.cc:247] PoolAllocator: After 301645796 get requests, put_count=301645817 evicted_count=251000 eviction_rate=0.000832102 and unsatisfied allocation rate=0.000833484
I tensorflow/core/common_runtime/gpu/pool_allocator.cc:247] PoolAllocator: After 307459164 get requests, put_count=307459185 evicted_count=261000 eviction_rate=0.000848893 and unsatisfied allocation rate=0.000850249
I tensorflow/core/common_runtime/gpu/pool_allocator.cc:247] PoolAllocator: After 313363410 get requests, put_count=313363436 evicted_count=271000 eviction_rate=0.000864811 and unsatisfied allocation rate=0.000866125
I tensorflow/core/common_runtime/gpu/pool_allocator.cc:247] PoolAllocator: After 319166115 get requests, put_count=319166136 evicted_count=281000 eviction_rate=0.000880419 and unsatisfied allocation rate=0.000881726
I tensorflow/core/common_runtime/gpu/pool_allocator.cc:247] PoolAllocator: After 325005586 get requests, put_count=325005609 evicted_count=291000 eviction_rate=0.000895369 and unsatisfied allocation rate=0.000896646
I tensorflow/core/common_runtime/gpu/pool_allocator.cc:247] PoolAllocator: After 330769149 get requests, put_count=330769188 evicted_count=301000 eviction_rate=0.00091 and unsatisfied allocation rate=0.000911207
I tensorflow/core/common_runtime/gpu/pool_allocator.cc:247] PoolAllocator: After 336592909 get requests, put_count=336592942 evicted_count=311000 eviction_rate=0.000923965 and unsatisfied allocation rate=0.000925168
I tensorflow/core/common_runtime/gpu/pool_allocator.cc:247] PoolAllocator: After 342359140 get requests, put_count=342359160 evicted_count=321000 eviction_rate=0.000937612 and unsatisfied allocation rate=0.000938833
I tensorflow/core/common_runtime/gpu/pool_allocator.cc:247] PoolAllocator: After 348175922 get requests, put_count=348175944 evicted_count=331000 eviction_rate=0.000950669 and unsatisfied allocation rate=0.000951864
I tensorflow/core/common_runtime/gpu/pool_allocator.cc:247] PoolAllocator: After 354016500 get requests, put_count=354016525 evicted_count=341000 eviction_rate=0.000963232 and unsatisfied allocation rate=0.000964399
I tensorflow/core/common_runtime/gpu/pool_allocator.cc:247] PoolAllocator: After 359760147 get requests, put_count=359760178 evicted_count=351000 eviction_rate=0.00097565 and unsatisfied allocation rate=0.000976781
I tensorflow/core/common_runtime/gpu/pool_allocator.cc:247] PoolAllocator: After 365621723 get requests, put_count=365621756 evicted_count=361000 eviction_rate=0.000987359 and unsatisfied allocation rate=0.000988467
I tensorflow/core/common_runtime/gpu/pool_allocator.cc:247] PoolAllocator: After 371400676 get requests, put_count=371400699 evicted_count=371000 eviction_rate=0.000998921 and unsatisfied allocation rate=0.00100004
I tensorflow/core/common_runtime/gpu/pool_allocator.cc:247] PoolAllocator: After 377192184 get requests, put_count=377192208 evicted_count=381000 eviction_rate=0.0010101 and unsatisfied allocation rate=0.00101119
I tensorflow/core/common_runtime/gpu/pool_allocator.cc:247] PoolAllocator: After 383066635 get requests, put_count=383066662 evicted_count=391000 eviction_rate=0.00102071 and unsatisfied allocation rate=0.00102178
I tensorflow/core/common_runtime/gpu/pool_allocator.cc:247] PoolAllocator: After 388917808 get requests, put_count=388917830 evicted_count=401000 eviction_rate=0.00103107 and unsatisfied allocation rate=0.00103214
I tensorflow/core/common_runtime/gpu/pool_allocator.cc:247] PoolAllocator: After 394740624 get requests, put_count=394740663 evicted_count=411000 eviction_rate=0.00104119 and unsatisfied allocation rate=0.0010422
I tensorflow/core/common_runtime/gpu/pool_allocator.cc:247] PoolAllocator: After 397203683 get requests, put_count=397203693 evicted_count=421000 eviction_rate=0.00105991 and unsatisfied allocation rate=0.00106099
I tensorflow/core/common_runtime/gpu/pool_allocator.cc:247] PoolAllocator: After 399662375 get requests, put_count=399662411 evicted_count=431000 eviction_rate=0.00107841 and unsatisfied allocation rate=0.00107942
I tensorflow/core/common_runtime/gpu/pool_allocator.cc:247] PoolAllocator: After 402109785 get requests, put_count=402109782 evicted_count=441000 eviction_rate=0.00109672 and unsatisfied allocation rate=0.00109781
I tensorflow/core/common_runtime/gpu/pool_allocator.cc:247] PoolAllocator: After 404561555 get requests, put_count=404561574 evicted_count=451000 eviction_rate=0.00111479 and unsatisfied allocation rate=0.00111582
I tensorflow/core/common_runtime/gpu/pool_allocator.cc:247] PoolAllocator: After 407028256 get requests, put_count=407028270 evicted_count=461000 eviction_rate=0.0011326 and unsatisfied allocation rate=0.00113364
I tensorflow/core/common_runtime/gpu/pool_allocator.cc:247] PoolAllocator: After 409482751 get requests, put_count=409482753 evicted_count=471000 eviction_rate=0.00115023 and unsatisfied allocation rate=0.0011513
I tensorflow/core/common_runtime/gpu/pool_allocator.cc:247] PoolAllocator: After 411945749 get requests, put_count=411945759 evicted_count=481000 eviction_rate=0.00116763 and unsatisfied allocation rate=0.00116867
I tensorflow/core/common_runtime/gpu/pool_allocator.cc:247] PoolAllocator: After 414407129 get requests, put_count=414407126 evicted_count=491000 eviction_rate=0.00118483 and unsatisfied allocation rate=0.00118589
I tensorflow/core/common_runtime/gpu/pool_allocator.cc:247] PoolAllocator: After 416839671 get requests, put_count=416839706 evicted_count=501000 eviction_rate=0.0012019 and unsatisfied allocation rate=0.00120287
I tensorflow/core/common_runtime/gpu/pool_allocator.cc:247] PoolAllocator: After 419304562 get requests, put_count=419304587 evicted_count=511000 eviction_rate=0.00121868 and unsatisfied allocation rate=0.00121967
I tensorflow/core/common_runtime/gpu/pool_allocator.cc:247] PoolAllocator: After 421753614 get requests, put_count=421753637 evicted_count=521000 eviction_rate=0.00123532 and unsatisfied allocation rate=0.0012363
I tensorflow/core/common_runtime/gpu/pool_allocator.cc:247] PoolAllocator: After 424204549 get requests, put_count=424204561 evicted_count=531000 eviction_rate=0.00125175 and unsatisfied allocation rate=0.00125276
I tensorflow/core/common_runtime/gpu/pool_allocator.cc:247] PoolAllocator: After 426665054 get requests, put_count=426665066 evicted_count=541000 eviction_rate=0.00126797 and unsatisfied allocation rate=0.00126897
I tensorflow/core/common_runtime/gpu/pool_allocator.cc:247] PoolAllocator: After 429128298 get requests, put_count=429128334 evicted_count=551000 eviction_rate=0.001284 and unsatisfied allocation rate=0.00128494
I tensorflow/core/common_runtime/gpu/pool_allocator.cc:247] PoolAllocator: After 431580065 get requests, put_count=431580067 evicted_count=561000 eviction_rate=0.00129987 and unsatisfied allocation rate=0.00130088
I tensorflow/core/common_runtime/gpu/pool_allocator.cc:247] PoolAllocator: After 434041511 get requests, put_count=434041542 evicted_count=571000 eviction_rate=0.00131554 and unsatisfied allocation rate=0.00131648
I tensorflow/core/common_runtime/gpu/pool_allocator.cc:247] PoolAllocator: After 436518583 get requests, put_count=436518578 evicted_count=581000 eviction_rate=0.00133099 and unsatisfied allocation rate=0.001332
I tensorflow/core/common_runtime/gpu/pool_allocator.cc:247] PoolAllocator: After 438968091 get requests, put_count=438968090 evicted_count=591000 eviction_rate=0.00134634 and unsatisfied allocation rate=0.00134734
I tensorflow/core/common_runtime/gpu/pool_allocator.cc:247] PoolAllocator: After 441431104 get requests, put_count=441431118 evicted_count=601000 eviction_rate=0.00136148 and unsatisfied allocation rate=0.00136244
I tensorflow/core/common_runtime/gpu/pool_allocator.cc:247] PoolAllocator: After 443893309 get requests, put_count=443893345 evicted_count=611000 eviction_rate=0.00137646 and unsatisfied allocation rate=0.00137736
I tensorflow/core/common_runtime/gpu/pool_allocator.cc:247] PoolAllocator: After 446370304 get requests, put_count=446370292 evicted_count=621000 eviction_rate=0.00139122 and unsatisfied allocation rate=0.00139223
I tensorflow/core/common_runtime/gpu/pool_allocator.cc:247] PoolAllocator: After 448828271 get requests, put_count=448828269 evicted_count=631000 eviction_rate=0.00140588 and unsatisfied allocation rate=0.00140686
I tensorflow/core/common_runtime/gpu/pool_allocator.cc:247] PoolAllocator: After 451301986 get requests, put_count=451301991 evicted_count=641000 eviction_rate=0.00142033 and unsatisfied allocation rate=0.00142129
I tensorflow/core/common_runtime/gpu/pool_allocator.cc:247] PoolAllocator: After 453748795 get requests, put_count=453748822 evicted_count=651000 eviction_rate=0.00143471 and unsatisfied allocation rate=0.00143562
I tensorflow/core/common_runtime/gpu/pool_allocator.cc:247] PoolAllocator: After 456205717 get requests, put_count=456205754 evicted_count=661000 eviction_rate=0.00144891 and unsatisfied allocation rate=0.00144979
I tensorflow/core/common_runtime/gpu/pool_allocator.cc:247] PoolAllocator: After 458666279 get requests, put_count=458666293 evicted_count=671000 eviction_rate=0.00146294 and unsatisfied allocation rate=0.00146386
I tensorflow/core/common_runtime/gpu/pool_allocator.cc:247] PoolAllocator: After 461114674 get requests, put_count=461114705 evicted_count=681000 eviction_rate=0.00147686 and unsatisfied allocation rate=0.00147774
I tensorflow/core/common_runtime/gpu/pool_allocator.cc:247] PoolAllocator: After 463589281 get requests, put_count=463589287 evicted_count=691000 eviction_rate=0.00149054 and unsatisfied allocation rate=0.00149148
I tensorflow/core/common_runtime/gpu/pool_allocator.cc:247] PoolAllocator: After 466047184 get requests, put_count=466047207 evicted_count=701000 eviction_rate=0.00150414 and unsatisfied allocation rate=0.00150503
I tensorflow/core/common_runtime/gpu/pool_allocator.cc:247] PoolAllocator: After 468498111 get requests, put_count=468498127 evicted_count=711000 eviction_rate=0.00151762 and unsatisfied allocation rate=0.00151852
I tensorflow/core/common_runtime/gpu/pool_allocator.cc:247] PoolAllocator: After 470948116 get requests, put_count=470948121 evicted_count=721000 eviction_rate=0.00153095 and unsatisfied allocation rate=0.00153187
I tensorflow/core/common_runtime/gpu/pool_allocator.cc:247] PoolAllocator: After 473386780 get requests, put_count=473386812 evicted_count=731000 eviction_rate=0.00154419 and unsatisfied allocation rate=0.00154505
I tensorflow/core/common_runtime/gpu/pool_allocator.cc:247] PoolAllocator: After 475848105 get requests, put_count=475848143 evicted_count=741000 eviction_rate=0.00155722 and unsatisfied allocation rate=0.00155806
I tensorflow/core/common_runtime/gpu/pool_allocator.cc:247] PoolAllocator: After 478325278 get requests, put_count=478325308 evicted_count=751000 eviction_rate=0.00157006 and unsatisfied allocation rate=0.00157091
I tensorflow/core/common_runtime/gpu/pool_allocator.cc:247] PoolAllocator: After 480789207 get requests, put_count=480789227 evicted_count=761000 eviction_rate=0.00158281 and unsatisfied allocation rate=0.00158368
I tensorflow/core/common_runtime/gpu/pool_allocator.cc:247] PoolAllocator: After 483251828 get requests, put_count=483251863 evicted_count=771000 eviction_rate=0.00159544 and unsatisfied allocation rate=0.00159628
I tensorflow/core/common_runtime/gpu/pool_allocator.cc:247] PoolAllocator: After 485714978 get requests, put_count=485715005 evicted_count=781000 eviction_rate=0.00160794 and unsatisfied allocation rate=0.00160879
I tensorflow/core/common_runtime/gpu/pool_allocator.cc:247] PoolAllocator: After 488178216 get requests, put_count=488178256 evicted_count=791000 eviction_rate=0.00162031 and unsatisfied allocation rate=0.00162113
I tensorflow/core/common_runtime/gpu/pool_allocator.cc:247] PoolAllocator: After 490669441 get requests, put_count=490669438 evicted_count=801000 eviction_rate=0.00163246 and unsatisfied allocation rate=0.00163336
I tensorflow/core/common_runtime/gpu/pool_allocator.cc:247] PoolAllocator: After 493117800 get requests, put_count=493117831 evicted_count=811000 eviction_rate=0.00164464 and unsatisfied allocation rate=0.00164546
I tensorflow/core/common_runtime/gpu/pool_allocator.cc:247] PoolAllocator: After 495581048 get requests, put_count=495581053 evicted_count=821000 eviction_rate=0.00165664 and unsatisfied allocation rate=0.00165751
I tensorflow/core/common_runtime/gpu/pool_allocator.cc:247] PoolAllocator: After 498029491 get requests, put_count=498029527 evicted_count=831000 eviction_rate=0.00166858 and unsatisfied allocation rate=0.00166938
I tensorflow/core/common_runtime/gpu/pool_allocator.cc:247] PoolAllocator: After 500501376 get requests, put_count=500501373 evicted_count=841000 eviction_rate=0.00168032 and unsatisfied allocation rate=0.0016812
I tensorflow/core/common_runtime/gpu/pool_allocator.cc:247] PoolAllocator: After 502965329 get requests, put_count=502965338 evicted_count=851000 eviction_rate=0.00169197 and unsatisfied allocation rate=0.00169282
I tensorflow/core/common_runtime/gpu/pool_allocator.cc:247] PoolAllocator: After 505438337 get requests, put_count=505438364 evicted_count=861000 eviction_rate=0.00170347 and unsatisfied allocation rate=0.00170429
I tensorflow/core/common_runtime/gpu/pool_allocator.cc:247] PoolAllocator: After 507891126 get requests, put_count=507891152 evicted_count=871000 eviction_rate=0.00171493 and unsatisfied allocation rate=0.00171575
I tensorflow/core/common_runtime/gpu/pool_allocator.cc:247] PoolAllocator: After 510356949 get requests, put_count=510356939 evicted_count=881000 eviction_rate=0.00172624 and unsatisfied allocation rate=0.00172712
I tensorflow/core/common_runtime/gpu/pool_allocator.cc:247] PoolAllocator: After 512806092 get requests, put_count=512806084 evicted_count=891000 eviction_rate=0.0017375 and unsatisfied allocation rate=0.00173837
I tensorflow/core/common_runtime/gpu/pool_allocator.cc:247] PoolAllocator: After 515264742 get requests, put_count=515264781 evicted_count=901000 eviction_rate=0.00174862 and unsatisfied allocation rate=0.00174939
I tensorflow/core/common_runtime/gpu/pool_allocator.cc:247] PoolAllocator: After 517728666 get requests, put_count=517728679 evicted_count=911000 eviction_rate=0.00175961 and unsatisfied allocation rate=0.00176043
I tensorflow/core/common_runtime/gpu/pool_allocator.cc:247] PoolAllocator: After 520180587 get requests, put_count=520180628 evicted_count=921000 eviction_rate=0.00177054 and unsatisfied allocation rate=0.0017713
I tensorflow/core/common_runtime/gpu/pool_allocator.cc:247] PoolAllocator: After 522642113 get requests, put_count=522642122 evicted_count=931000 eviction_rate=0.00178133 and unsatisfied allocation rate=0.00178215
I tensorflow/core/common_runtime/gpu/pool_allocator.cc:247] PoolAllocator: After 525092369 get requests, put_count=525092387 evicted_count=941000 eviction_rate=0.00179207 and unsatisfied allocation rate=0.00179287
I tensorflow/core/common_runtime/gpu/pool_allocator.cc:247] PoolAllocator: After 527547667 get requests, put_count=527547663 evicted_count=951000 eviction_rate=0.00180268 and unsatisfied allocation rate=0.00180352
I tensorflow/core/common_runtime/gpu/pool_allocator.cc:247] PoolAllocator: After 530007304 get requests, put_count=530007303 evicted_count=961000 eviction_rate=0.00181318 and unsatisfied allocation rate=0.00181401
I tensorflow/core/common_runtime/gpu/pool_allocator.cc:247] PoolAllocator: After 532470514 get requests, put_count=532470553 evicted_count=971000 eviction_rate=0.00182358 and unsatisfied allocation rate=0.00182432
I tensorflow/core/common_runtime/gpu/pool_allocator.cc:247] PoolAllocator: After 534930124 get requests, put_count=534930154 evicted_count=981000 eviction_rate=0.00183388 and unsatisfied allocation rate=0.00183465
I tensorflow/core/common_runtime/gpu/pool_allocator.cc:247] PoolAllocator: After 537382887 get requests, put_count=537382911 evicted_count=991000 eviction_rate=0.00184412 and unsatisfied allocation rate=0.00184489
I tensorflow/core/common_runtime/gpu/pool_allocator.cc:247] PoolAllocator: After 539840689 get requests, put_count=539840712 evicted_count=1001000 eviction_rate=0.00185425 and unsatisfied allocation rate=0.00185502
I tensorflow/core/common_runtime/gpu/pool_allocator.cc:247] PoolAllocator: After 542312691 get requests, put_count=542312685 evicted_count=1011000 eviction_rate=0.00186424 and unsatisfied allocation rate=0.00186506
I tensorflow/core/common_runtime/gpu/pool_allocator.cc:247] PoolAllocator: After 544748880 get requests, put_count=544748895 evicted_count=1021000 eviction_rate=0.00187426 and unsatisfied allocation rate=0.00187503
I tensorflow/core/common_runtime/gpu/pool_allocator.cc:247] PoolAllocator: After 547209339 get requests, put_count=547209328 evicted_count=1031000 eviction_rate=0.00188411 and unsatisfied allocation rate=0.00188493
I tensorflow/core/common_runtime/gpu/pool_allocator.cc:247] PoolAllocator: After 549659354 get requests, put_count=549659375 evicted_count=1041000 eviction_rate=0.0018939 and unsatisfied allocation rate=0.00189466
I tensorflow/core/common_runtime/gpu/pool_allocator.cc:247] PoolAllocator: After 552111093 get requests, put_count=552111122 evicted_count=1051000 eviction_rate=0.0019036 and unsatisfied allocation rate=0.00190434
I tensorflow/core/common_runtime/gpu/pool_allocator.cc:247] PoolAllocator: After 554589134 get requests, put_count=554589153 evicted_count=1061000 eviction_rate=0.00191313 and unsatisfied allocation rate=0.00191388
I tensorflow/core/common_runtime/gpu/pool_allocator.cc:247] PoolAllocator: After 557036536 get requests, put_count=557036523 evicted_count=1071000 eviction_rate=0.00192267 and unsatisfied allocation rate=0.00192348
I tensorflow/core/common_runtime/gpu/pool_allocator.cc:247] PoolAllocator: After 559499608 get requests, put_count=559499623 evicted_count=1081000 eviction_rate=0.00193208 and unsatisfied allocation rate=0.00193284
I tensorflow/core/common_runtime/gpu/pool_allocator.cc:247] PoolAllocator: After 561950514 get requests, put_count=561950549 evicted_count=1091000 eviction_rate=0.00194145 and unsatisfied allocation rate=0.00194217
I tensorflow/core/common_runtime/gpu/pool_allocator.cc:247] PoolAllocator: After 564397936 get requests, put_count=564397933 evicted_count=1101000 eviction_rate=0.00195075 and unsatisfied allocation rate=0.00195153
I tensorflow/core/common_runtime/gpu/pool_allocator.cc:247] PoolAllocator: After 566835947 get requests, put_count=566835963 evicted_count=1111000 eviction_rate=0.00196 and unsatisfied allocation rate=0.00196075
I tensorflow/core/common_runtime/gpu/pool_allocator.cc:247] PoolAllocator: After 569299988 get requests, put_count=569300021 evicted_count=1121000 eviction_rate=0.00196908 and unsatisfied allocation rate=0.0019698
I tensorflow/core/common_runtime/gpu/pool_allocator.cc:247] PoolAllocator: After 571760438 get requests, put_count=571760473 evicted_count=1131000 eviction_rate=0.0019781 and unsatisfied allocation rate=0.00197881
I tensorflow/core/common_runtime/gpu/pool_allocator.cc:247] PoolAllocator: After 574220159 get requests, put_count=574220195 evicted_count=1141000 eviction_rate=0.00198704 and unsatisfied allocation rate=0.00198774
I tensorflow/core/common_runtime/gpu/pool_allocator.cc:247] PoolAllocator: After 576666677 get requests, put_count=576666699 evicted_count=1151000 eviction_rate=0.00199595 and unsatisfied allocation rate=0.00199668
I tensorflow/core/common_runtime/gpu/pool_allocator.cc:247] PoolAllocator: After 147091110 get requests, put_count=147091110 evicted_count=5000 eviction_rate=3.39925e-05 and unsatisfied allocation rate=3.72694e-05
I tensorflow/core/common_runtime/gpu/pool_allocator.cc:247] PoolAllocator: After 298407630 get requests, put_count=298407628 evicted_count=15000 eviction_rate=5.02668e-05 and unsatisfied allocation rate=5.18888e-05
I tensorflow/core/common_runtime/gpu/pool_allocator.cc:247] PoolAllocator: After 365145542 get requests, put_count=365145542 evicted_count=25000 eviction_rate=6.84659e-05 and unsatisfied allocation rate=6.97859e-05
I tensorflow/core/common_runtime/gpu/pool_allocator.cc:247] PoolAllocator: After 430541465 get requests, put_count=430541464 evicted_count=35000 eviction_rate=8.1293e-05 and unsatisfied allocation rate=8.24148e-05
/private/home/tinayujiang/anaconda3/lib/python3.6/site-packages/tensorflow/python/ops/gradients_impl.py:91: UserWarning: Converting sparse IndexedSlices to a dense Tensor of unknown shape. This may consume a large amount of memory.
  "Converting sparse IndexedSlices to a dense Tensor of unknown shape. "
